[35m[Appium][39m Welcome to Appium v1.14.2
[35m[Appium][39m Non-default server args:
[35m[Appium][39m   port: 52641
[35m[Appium][39m   loglevel: info
[35m[Appium][39m   chromeDriverPort: 52642
[35m[Appium][39m   tmpDir: C:\Users\ras\AppData\Local\Temp\\Katalon\Appium\Temp1690802411248
[35m[Appium][39m Appium REST http interface listener started on 0.0.0.0:52641
[35m[HTTP][39m [37m-->[39m [37mGET[39m [37m/wd/hub/status[39m
[35m[HTTP][39m [90m{}[39m
[35m[HTTP][39m [37m<-- GET /wd/hub/status [39m[32m200[39m [90m6 ms - 68[39m
[35m[HTTP][39m [90m[39m
[35m[HTTP][39m [37m-->[39m [37mGET[39m [37m/wd/hub/status[39m
[35m[HTTP][39m [90m{}[39m
[35m[HTTP][39m [37m<-- GET /wd/hub/status [39m[32m200[39m [90m2 ms - 68[39m
[35m[HTTP][39m [90m[39m
[35m[HTTP][39m [37m-->[39m [37mPOST[39m [37m/wd/hub/session[39m
[35m[HTTP][39m [90m{"desiredCapabilities":{"appActivity":".Settings","appPackage":"com.android.settings","newCommandTimeout":1800,"platformVersion":"13","automationName":"uiautomator2","autoGrantPermissions":true,"platformName":"Android","udid":"RR8R600BK7T","deviceName":"samsung SM-A325F (Android 13)","platform":"ANDROID","systemPort":8286},"capabilities":{"firstMatch":[{"appium:appActivity":".Settings","appium:appPackage":"com.android.settings","appium:autoGrantPermissions":true,"appium:automationName":"uiautomator2","appium:deviceName":"samsung SM-A325F (Android 13)","appium:newCommandTimeout":1800,"platform":"ANDROID","platformName":"android","appium:platformVersion":"13","appium:systemPort":8286,"appium:udid":"RR8R600BK7T"}]}}[39m
[35m[BaseDriver][39m The capabilities ["platform"] are not standard capabilities and should have an extension prefix
[35m[Appium][39m Appium v1.14.2 creating new AndroidUiautomator2Driver (v1.33.1) session
[35m[Appium][39m Capabilities:
[35m[Appium][39m   platform: ANDROID
[35m[Appium][39m   platformName: android
[35m[Appium][39m   appActivity: .Settings
[35m[Appium][39m   appPackage: com.android.settings
[35m[Appium][39m   autoGrantPermissions: true
[35m[Appium][39m   automationName: uiautomator2
[35m[Appium][39m   deviceName: samsung SM-A325F (Android 13)
[35m[Appium][39m   newCommandTimeout: 1800
[35m[Appium][39m   platformVersion: 13
[35m[Appium][39m   systemPort: 8286
[35m[Appium][39m   udid: RR8R600BK7T
[35m[BaseDriver][39m The following capabilities were provided, but are not recognized by Appium:
[35m[BaseDriver][39m   platform
[35m[BaseDriver][39m Session created with session id: 6c6e3e61-0cc8-43ad-bd18-3da159018a44
[35m[ADB][39m Found 1 'build-tools' folders under 'C:\Users\ras\.katalon\tools\android_sdk' (newest first):
[35m[ADB][39m     C:/Users/ras/.katalon/tools/android_sdk/build-tools/29.0.3
[35m[ADB][39m Using 'adb.exe' from 'C:\Users\ras\.katalon\tools\android_sdk\platform-tools\adb.exe'
[35m[AndroidDriver][39m Retrieving device list
[35m[AndroidDriver][39m Using device: RR8R600BK7T
[35m[ADB][39m Using 'adb.exe' from 'C:\Users\ras\.katalon\tools\android_sdk\platform-tools\adb.exe'
[35m[UiAutomator2][39m Relaxing hidden api policy
[35m[AndroidDriver][39m No app sent in, not parsing package/activity
[35m[ADB][39m Using 'aapt.exe' from 'C:\Users\ras\.katalon\tools\android_sdk\build-tools\29.0.3\aapt.exe'
[35m[ADB][39m Using 'apksigner.bat' from 'C:\Users\ras\.katalon\tools\android_sdk\build-tools\29.0.3\apksigner.bat'
[35m[UiAutomator2][39m Server packages are not going to be (re)installed
[35m[ADB][39m com.android.settings contains no permissions available for granting
[35m[UiAutomator2][39m Starting UIAutomator2 server 3.7.0
[35m[UiAutomator2][39m Using UIAutomator2 server from 'C:\Users\ras\AppData\Roaming\npm\node_modules\appium\node_modules\appium-uiautomator2-server\apks\appium-uiautomator2-server-v3.7.0.apk' and test from 'C:\Users\ras\AppData\Roaming\npm\node_modules\appium\node_modules\appium-uiautomator2-server\apks\appium-uiautomator2-server-debug-androidTest.apk'
[35m[UiAutomator2][39m Waiting up to 30000ms for UiAutomator2 to be online...
[35m[WD Proxy][39m Got an unexpected response: {"code":"ECONNRESET"}
[35m[WD Proxy][39m Got an unexpected response: {"code":"ECONNRESET"}
[35m[AndroidDriver][39m Screen already unlocked, doing nothing
[35m[UiAutomator2][39m UiAutomator2 did not start the activity we were waiting for, 'com.android.settings/.Settings'. Starting it ourselves
[35m[Appium][39m New AndroidUiautomator2Driver session created successfully, session 6c6e3e61-0cc8-43ad-bd18-3da159018a44 added to master session list
[35m[HTTP][39m [37m<-- POST /wd/hub/session [39m[32m200[39m [90m10603 ms - 1108[39m
[35m[HTTP][39m [90m[39m
[35m[HTTP][39m [37m-->[39m [37mGET[39m [37m/wd/hub/session/6c6e3e61-0cc8-43ad-bd18-3da159018a44[39m
[35m[HTTP][39m [90m{}[39m
[35m[HTTP][39m [37m<-- GET /wd/hub/session/6c6e3e61-0cc8-43ad-bd18-3da159018a44 [39m[32m200[39m [90m77 ms - 1040[39m
[35m[HTTP][39m [90m[39m
[35m[HTTP][39m [37m-->[39m [37mGET[39m [37m/wd/hub/session/6c6e3e61-0cc8-43ad-bd18-3da159018a44[39m
[35m[HTTP][39m [90m{}[39m
[35m[HTTP][39m [37m<-- GET /wd/hub/session/6c6e3e61-0cc8-43ad-bd18-3da159018a44 [39m[32m200[39m [90m16 ms - 1040[39m
[35m[HTTP][39m [90m[39m
[35m[HTTP][39m [37m-->[39m [37mGET[39m [37m/wd/hub/status[39m
[35m[HTTP][39m [90m{}[39m
[35m[HTTP][39m [37m<-- GET /wd/hub/status [39m[32m200[39m [90m1 ms - 68[39m
[35m[HTTP][39m [90m[39m
[35m[HTTP][39m [37m-->[39m [37mPOST[39m [37m/wd/hub/session/6c6e3e61-0cc8-43ad-bd18-3da159018a44/timeouts[39m
[35m[HTTP][39m [90m{"implicit":60000}[39m
[35m[HTTP][39m [37m<-- POST /wd/hub/session/6c6e3e61-0cc8-43ad-bd18-3da159018a44/timeouts [39m[32m200[39m [90m6 ms - 14[39m
[35m[HTTP][39m [90m[39m
[35m[HTTP][39m [37m-->[39m [37mGET[39m [37m/wd/hub/session/6c6e3e61-0cc8-43ad-bd18-3da159018a44/screenshot[39m
[35m[HTTP][39m [90m{}[39m
[35m[HTTP][39m [37m<-- GET /wd/hub/session/6c6e3e61-0cc8-43ad-bd18-3da159018a44/screenshot [39m[32m200[39m [90m877 ms - 182910[39m
[35m[HTTP][39m [90m[39m
[35m[HTTP][39m [37m-->[39m [37mGET[39m [37m/wd/hub/session/6c6e3e61-0cc8-43ad-bd18-3da159018a44/window/rect[39m
[35m[HTTP][39m [90m{}[39m
[35m[HTTP][39m [37m<-- GET /wd/hub/session/6c6e3e61-0cc8-43ad-bd18-3da159018a44/window/rect [39m[32m200[39m [90m33 ms - 50[39m
[35m[HTTP][39m [90m[39m
[35m[HTTP][39m [37m-->[39m [37mGET[39m [37m/wd/hub/session/6c6e3e61-0cc8-43ad-bd18-3da159018a44/appium/device/system_bars[39m
[35m[HTTP][39m [90m{}[39m
[35m[HTTP][39m [37m<-- GET /wd/hub/session/6c6e3e61-0cc8-43ad-bd18-3da159018a44/appium/device/system_bars [39m[32m200[39m [90m132 ms - 145[39m
[35m[HTTP][39m [90m[39m
[35m[HTTP][39m [37m-->[39m [37mPOST[39m [37m/wd/hub/session/6c6e3e61-0cc8-43ad-bd18-3da159018a44/appium/device/activate_app[39m
[35m[HTTP][39m [90m{"bundleId":"id.co.okhome.okhomeapp"}[39m
[35m[HTTP][39m [37m<-- POST /wd/hub/session/6c6e3e61-0cc8-43ad-bd18-3da159018a44/appium/device/activate_app [39m[32m200[39m [90m1200 ms - 14[39m
[35m[HTTP][39m [90m[39m
[35m[HTTP][39m [37m-->[39m [37mGET[39m [37m/wd/hub/session/6c6e3e61-0cc8-43ad-bd18-3da159018a44/source[39m
[35m[HTTP][39m [90m{}[39m
[35m[W3C (6c6e3e61)][39m Driver proxy active, passing request on via HTTP proxy
[35m[WD Proxy][39m Replacing sessionId e1d4660c-535a-43b4-ab9d-7d0f346501d6 with 6c6e3e61-0cc8-43ad-bd18-3da159018a44
[35m[HTTP][39m [37m<-- GET /wd/hub/session/6c6e3e61-0cc8-43ad-bd18-3da159018a44/source [39m[32m200[39m [90m775 ms - 40445[39m
[35m[HTTP][39m [90m[39m
[35m[HTTP][39m [37m-->[39m [37mGET[39m [37m/wd/hub/session/6c6e3e61-0cc8-43ad-bd18-3da159018a44/screenshot[39m
[35m[HTTP][39m [90m{}[39m
[35m[HTTP][39m [37m<-- GET /wd/hub/session/6c6e3e61-0cc8-43ad-bd18-3da159018a44/screenshot [39m[32m200[39m [90m859 ms - 269236[39m
[35m[HTTP][39m [90m[39m
[35m[HTTP][39m [37m-->[39m [37mPOST[39m [37m/wd/hub/session/6c6e3e61-0cc8-43ad-bd18-3da159018a44/elements[39m
[35m[HTTP][39m [90m{"using":"xpath","value":"//*[@class = 'android.widget.TextView' and (@text = 'Address & Contact' or . = 'Address & Contact') and @resource-id = 'id.co.okhome.okhomeapp:id/txtTitle']"}[39m
[35m[HTTP][39m [37m<-- POST /wd/hub/session/6c6e3e61-0cc8-43ad-bd18-3da159018a44/elements [39m[32m200[39m [90m315 ms - 139[39m
[35m[HTTP][39m [90m[39m
